<?xml version="1.0" encoding="UTF-8"?>
<testsuite xmlns:xsi="http://www.w3.org/2001/XMLSchema-instance" xsi:noNamespaceSchemaLocation="https://maven.apache.org/surefire/maven-surefire-plugin/xsd/surefire-test-report-3.0.xsd" version="3.0" name="es.deusto.spq.server.jdo.UserTest" time="0.0" tests="7" errors="0" skipped="0" failures="0">
  <properties>
[...]
</properties>
  <testcase name="testAddMessage" classname="es.deusto.spq.server.jdo.UserTest" time="0.0"/>
  <testcase name="testSetPassword" classname="es.deusto.spq.server.jdo.UserTest" time="0.0"/>
  <testcase name="testGetPassword" classname="es.deusto.spq.server.jdo.UserTest" time="0.0"/>
  <testcase name="testGetLogin" classname="es.deusto.spq.server.jdo.UserTest" time="0.0"/>
  <testcase name="testToString" classname="es.deusto.spq.server.jdo.UserTest" time="0.0"/>
  <testcase name="testRemoveMessage" classname="es.deusto.spq.server.jdo.UserTest" time="0.0"/>
  <testcase name="testGetMessages" classname="es.deusto.spq.server.jdo.UserTest" time="0.0"/>
</testsuite>